Sceneryobjects\ADDON_SimpleStreets\RQ_20n_w9,5_Sidew_Crossing.sco
1049130511
1049130511
-1
Sceneryobjects\ADDON_SimpleStreets\RQ_9,5_to_X8.sco
1047958125
1047958125
-1
Sceneryobjects\Generic\routearrow_L.sco
1165697035
1165697035
-1
Sceneryobjects\Generic\routearrow_R.sco
1165697069
1165697069
-1
Splines\ADDON_SimpleStreets\RQ_20_4_spur_15m_narrow_Sidewalk.sli
1048806022
-
-
Splines\X10\str_2spur_8m_altonaer1.sli
1223918312
-
-
Splines\X10\X6.5_SSErsatz1.sli
1223918312
-
-
Sceneryobjects\Generic\bus_stop.sco
1165696807
1165696807
-1
Sceneryobjects\Generic\people_standing_small.sco
1165697069
1165697069
-1
Sceneryobjects\Streetobjects_MC\strlt_gwg_torte_1.sco
1030364373
1030364373
-1
Sceneryobjects\Streetobjects_RUE\gibbet_beam.sco
1030727096
1030727096
-1
Sceneryobjects\Streetobjects_RUE\neonlight_M_whip_S.sco
1030727403
1030727403
-1
Sceneryobjects\Trees_MC\tree_avenue_01.sco
1133257570
1133257570
-1
Sceneryobjects\Verkehrszeichen_MC\Ampel_Kfz_1.sco
1030364454
1030364454
-1
Sceneryobjects\Verkehrszeichen_MC\Ampel_Mensch_1.sco
984824518
984824518
-1
Sceneryobjects\X10 Kreuzungen\Ampel_Kfz300.sco
1223918310
1223918310
-1
Sceneryobjects\X10 Objekte\Cooper\Hst_DFI_2.sco
1223918313
1223918313
-1
Sceneryobjects\X10 Objekte\Cooper\Hst_Modul_4.sco
1223918310
1223918310
-1
Sceneryobjects\X10 Objekte\Zane\new_bushut_medium.sco
1223918312
1223918312
-1
