Sceneryobjects\ADDON_SimpleStreets\RQ_X8m_2spur_8,0m_Sidewalk_busstop_double.sco
1047986311
1047986311
-1
Sceneryobjects\ADDON_SimpleStreets\RQ_X8m_2spur_8,0m_Sidewalk_cross.sco
1047958180
1047958180
-1
Splines\X10\str_2spur_8m_altonaer1.sli
1223918312
-
-
Sceneryobjects\Generic\bus_stop.sco
1165696807
1165696807
-1
Sceneryobjects\Generic\people_standing_small.sco
1165697069
1165697069
-1
Sceneryobjects\Streetobjects_RUE\gibbet_beam.sco
1030727096
1030727096
-1
Sceneryobjects\Streetobjects_RUE\neonlight_S_bend_S.sco
1030695927
1030695927
-1
Sceneryobjects\Streetobjects_RUE\single_pole.sco
1044251285
1044251285
-1
Sceneryobjects\Verkehrszeichen_MC\Ampel_Kfz_1.sco
1030364454
1030364454
-1
Sceneryobjects\Verkehrszeichen_MC\Ampel_Mensch_1.sco
984824518
984824518
-1
Sceneryobjects\X10 Kreuzungen\Ampel_Kfz300.sco
1223918310
1223918310
-1
