Sceneryobjects\ADDON_SimpleStreets\RQ_15,5_3spur_11,5m_Sidewalk_junct3332.sco
1109762377
1109762377
-1
Sceneryobjects\ADDON_SimpleStreets\RQ_15,5_TO_28.sco
1049202850
1049202850
-1
Sceneryobjects\ADDON_SimpleStreets\RQ_X11_to_15,5_Start.sco
1047958268
1047958268
-1
Sceneryobjects\ADDON_SimpleStreets\RQ_X8_to_X11_Seeburger.sco
1047958161
1047958161
-1
Sceneryobjects\Ruede\forest_backdrop01.sco
1018407862
1018407862
-1
Sceneryobjects\Trees_MC\Tree_Small_01.sco
1020006657
1020006657
-1
Sceneryobjects\Trees_MC\Tree_Small_02.sco
1020006664
1020006664
-1
Sceneryobjects\Trees_MC\Tree_Small_06.sco
1020305674
1020305674
-1
Sceneryobjects\Trees_MC\Tree_Small_07.sco
1020305915
1020305915
-1
Splines\ADDON_SimpleStreets\RQ_15,5_2spur_11,5m_Sidewalk.sli
1047630645
-
-
Splines\ADDON_SimpleStreets\RQ_28.sli
1047008122
-
-
Splines\ADDON_SimpleStreets\RQ_9,5_2spur_6,5m_Sidewalk.sli
1047233290
-
-
Splines\X10\str_2spur_8m_altonaer1.sli
1223918312
-
-
Sceneryobjects\Streetobjects_RUE\gibbet_beam.sco
1030727096
1030727096
-1
Sceneryobjects\Streetobjects_RUE\neonlight_2L_bend_L.sco
1030695672
1030695672
-1
Sceneryobjects\Streetobjects_RUE\neonlight_S_bend_S.sco
1030695927
1030695927
-1
Sceneryobjects\Streetobjects_RUE\single_pole.sco
1044251285
1044251285
-1
Sceneryobjects\Verkehrszeichen_MC\Ampel_Kfz_1.sco
1030364454
1030364454
-1
Sceneryobjects\Verkehrszeichen_MC\Ampel_Mensch_1.sco
984824518
984824518
-1
Sceneryobjects\X10 Kreuzungen\Ampel_Kfz300.sco
1223918310
1223918310
-1
