Sceneryobjects\ADDON_SimpleStreets\RQ_X8m_2spur_8,0m_Sidewalk_junct.sco
1047958194
1047958194
-1
Splines\X10\str_2spur_8m_altonaer1.sli
1223918312
-
-
Sceneryobjects\Buildings_MC\BW_Gart_A.sco
1133263683
1133263683
-1
Sceneryobjects\Buildings_MC\BW_Gart_B.sco
1133263765
1133263765
-1
Sceneryobjects\Buildings_MC\BW_Gart_C.sco
1133263683
1133263683
-1
Sceneryobjects\Buildings_MC\BW_Gart_D.sco
1133263684
1133263684
-1
Sceneryobjects\Buildings_MC\wohngew_med_01.sco
1030831687
1030831687
-1
Sceneryobjects\Buildings_MC\wohngew_med_02.sco
1032235733
1032235733
-1
Sceneryobjects\Generic\bus_stop.sco
1165696807
1165696807
-1
Sceneryobjects\Generic\car_park.sco
1165697035
1165697035
-1
Sceneryobjects\Generic\people_standing_small.sco
1165697069
1165697069
-1
Sceneryobjects\Generic\routearrow_L.sco
1165697035
1165697035
-1
Sceneryobjects\Generic\routearrow_R.sco
1165697069
1165697069
-1
Sceneryobjects\Ruede\forest_backdrop01.sco
1018407862
1018407862
-1
Sceneryobjects\Streetobjects_RUE\neonlight_S_bend_S.sco
1030695927
1030695927
-1
Sceneryobjects\Trees_MC\shrubbery_04_20.sco
1029876629
1029876629
-1
Sceneryobjects\Trees_MC\tree_avenue_01.sco
1133257570
1133257570
-1
Sceneryobjects\Trees_MC\tree_large_05.sco
1020307690
1020307690
-1
Sceneryobjects\Trees_MC\tree_medium_05.sco
1020072573
1020072573
-1
Sceneryobjects\Trees_MC\tree_medium_09.sco
1020308602
1020308602
-1
Sceneryobjects\Trees_MC\Tree_Small_01.sco
1020006657
1020006657
-1
Sceneryobjects\Trees_MC\Tree_Small_06.sco
1020305674
1020305674
-1
Sceneryobjects\Trees_MC\Tree_Small_08.sco
1020308179
1020308179
-1
Sceneryobjects\X10 Objekte\Cooper\Hst_Modul_4.sco
1223918310
1223918310
-1
Sceneryobjects\X10 Objekte\Zane\new_bushut_medium.sco
1223918312
1223918312
-1
