Sceneryobjects\ADDON_SimpleStreets\RQ_20n_Busstop004.sco
1053014932
1053014932
-1
Sceneryobjects\ADDON_SimpleStreets\RQ_20n_w9,5_SideWide_Cross_A.sco
1115583360
1115583360
-1
Splines\ADDON_SimpleStreets\RQ_10,5_2spur_7,5m_Sidewalk.sli
1047338108
-
-
Splines\ADDON_SimpleStreets\RQ_20_4_spur_15m_narrow_Sidewalk.sli
1048806022
-
-
Sceneryobjects\Buildings_MC\buro_01.sco
1133263751
1133263751
-1
Sceneryobjects\Buildings_MC\bw_50s_03.sco
1133263765
1133263765
-1
Sceneryobjects\Buildings_MC\bw_bauhaus.sco
1133263683
1133263683
-1
Sceneryobjects\Buildings_MC\bw_einkaufszentrum_04.sco
1133263683
1133263683
-1
Sceneryobjects\Buildings_MC\bw_einkaufszentrum_1.sco
1133263684
1133263684
-1
Sceneryobjects\Buildings_MC\bw_einkaufszentrum_2.sco
1133263746
1133263746
-1
Sceneryobjects\Buildings_MC\bw_supermarkt_3.sco
1133263735
1133263735
-1
Sceneryobjects\Buildings_MC\wohn_02.sco
1030831654
1030831654
-1
Sceneryobjects\Generic\bus_stop.sco
1165696807
1165696807
-1
Sceneryobjects\Generic\car_park.sco
1165697035
1165697035
-1
Sceneryobjects\Generic\people_standing_small.sco
1165697069
1165697069
-1
Sceneryobjects\Ruede\forest_backdrop01.sco
1018407862
1018407862
-1
Sceneryobjects\Streetobjects_MC\strlt_gwg_torte_1.sco
1030364373
1030364373
-1
Sceneryobjects\Streetobjects_RUE\gibbet_beam.sco
1030727096
1030727096
-1
Sceneryobjects\Streetobjects_RUE\neonlight_M_whip_S.sco
1030727403
1030727403
-1
Sceneryobjects\Streetobjects_RUE\single_pole.sco
1044251285
1044251285
-1
Sceneryobjects\Trees_MC\tree_avenue_01.sco
1133257570
1133257570
-1
Sceneryobjects\Trees_MC\tree_medium_04.sco
985377453
985377453
-1
Sceneryobjects\Trees_MC\Tree_Small_01.sco
1020006657
1020006657
-1
Sceneryobjects\Trees_MC\Tree_Small_03.sco
1020006666
1020006666
-1
Sceneryobjects\Trees_MC\Tree_Small_06.sco
1020305674
1020305674
-1
Sceneryobjects\Trees_MC\Tree_Small_07.sco
1020305915
1020305915
-1
Sceneryobjects\Trees_MC\Tree_Small_08.sco
1020308179
1020308179
-1
Sceneryobjects\Verkehrszeichen_MC\Ampel_Kfz_1.sco
1030364454
1030364454
-1
Sceneryobjects\Verkehrszeichen_MC\Ampel_Mensch_1.sco
984824518
984824518
-1
Sceneryobjects\Verkehrszeichen_MC\StreetSign_1lg_pole.sco
1180014820
1180014820
-1
Sceneryobjects\Verkehrszeichen_MC\VZ_surfmark_arrow_SL.sco
1042485687
1042485687
-1
Sceneryobjects\Verkehrszeichen_MC\VZ_surfmark_arrow_SR.sco
1042485691
1042485691
-1
Sceneryobjects\X10 Kreuzungen\Ampel_Kfz300.sco
1223918310
1223918310
-1
Sceneryobjects\X10 Objekte\Cooper\Hst_DFI_2.sco
1223918313
1223918313
-1
Sceneryobjects\X10 Objekte\Cooper\Hst_Modul_4.sco
1223918310
1223918310
-1
Sceneryobjects\X10 Objekte\Zane\new_bushut_medium.sco
1223918312
1223918312
-1
