Sceneryobjects\ADDON_SimpleStreets\RQ_20n_Busstop004.sco
1053014932
1053014932
-1
Splines\ADDON_SimpleStreets\RQ_20_4_spur_15m_narrow_Sidewalk.sli
1048806022
-
-
Sceneryobjects\Buildings_MC\bk_petrus.sco
1133263735
1133263735
-1
Sceneryobjects\Buildings_MC\bw_hoch_17.sco
1133263684
1133263684
-1
Sceneryobjects\Buildings_MC\bw_hoch_23D.sco
1133263746
1133263746
-1
Sceneryobjects\Buildings_RUE\Tennis-Center.sco
1044270482
1044270482
-1
Sceneryobjects\Generic\bus_stop.sco
1165696807
1165696807
-1
Sceneryobjects\Generic\people_standing_small.sco
1165697069
1165697069
-1
Sceneryobjects\Ruede\forest_backdrop01.sco
1018407862
1018407862
-1
Sceneryobjects\Streetobjects_MC\strlt_gwg_torte_1.sco
1030364373
1030364373
-1
Sceneryobjects\Streetobjects_RUE\neonlight_M_whip_S.sco
1030727403
1030727403
-1
Sceneryobjects\Trees_MC\tree_avenue_01.sco
1133257570
1133257570
-1
Sceneryobjects\Trees_MC\tree_large_06.sco
1020307994
1020307994
-1
Sceneryobjects\Trees_MC\tree_medium_04.sco
985377453
985377453
-1
Sceneryobjects\Trees_MC\Tree_Small_03.sco
1020006666
1020006666
-1
Sceneryobjects\Trees_MC\Tree_Small_06.sco
1020305674
1020305674
-1
Sceneryobjects\Trees_MC\Tree_Small_07.sco
1020305915
1020305915
-1
Sceneryobjects\Trees_MC\Tree_Small_08.sco
1020308179
1020308179
-1
Sceneryobjects\X10 Objekte\Cooper\Hst_DFI_2.sco
1223918313
1223918313
-1
Sceneryobjects\X10 Objekte\Cooper\Hst_Modul_4.sco
1223918310
1223918310
-1
Sceneryobjects\X10 Objekte\Zane\new_bushut_medium.sco
1223918312
1223918312
-1
