Sceneryobjects\Ruede\forest_backdrop01.sco
1018407862
1018407862
-1
Sceneryobjects\Trees_MC\Tree_Small_01.sco
1020006657
1020006657
-1
Sceneryobjects\Trees_MC\Tree_Small_02.sco
1020006664
1020006664
-1
Sceneryobjects\Trees_MC\Tree_Small_06.sco
1020305674
1020305674
-1
Sceneryobjects\Trees_MC\Tree_Small_07.sco
1020305915
1020305915
-1
Splines\ADDON_SimpleStreets\RQ_28.sli
1047008122
-
-
Sceneryobjects\ADDON_SimpleStreets\RQ_20n_to_28.sco
1049132494
1049132494
-1
Sceneryobjects\Streetobjects_RUE\neonlight_2L_bend_L.sco
1030695672
1030695672
-1
Sceneryobjects\Streetobjects_RUE\neonlight_M_whip_S.sco
1030727403
1030727403
-1
Sceneryobjects\Trees_MC\tree_medium_04.sco
985377453
985377453
-1
Splines\ADDON_SimpleStreets\RQ_20_4_spur_15m_narrow_Sidewalk.sli
1048806022
-
-
