Sceneryobjects\ADDON_SimpleStreets\RQ_X8m_2spur_8,0m_Sidewalk_yunct.sco
1047958240
1047958240
-1
Sceneryobjects\Generic\routearrow_L.sco
1165697035
1165697035
-1
Sceneryobjects\Generic\routearrow_R.sco
1165697069
1165697069
-1
Sceneryobjects\Ruede\forest_backdrop01.sco
1018407862
1018407862
-1
Splines\X10\str_2spur_8m_altonaer1.sli
1223918312
-
-
Sceneryobjects\Streetobjects_RUE\gibbet_beam.sco
1030727096
1030727096
-1
Sceneryobjects\Streetobjects_RUE\neonlight_S_bend_S.sco
1030695927
1030695927
-1
Sceneryobjects\Streetobjects_RUE\single_pole.sco
1044251285
1044251285
-1
Sceneryobjects\Trees_MC\tree_large_05.sco
1020307690
1020307690
-1
Sceneryobjects\Verkehrszeichen_MC\Ampel_Kfz_1.sco
1030364454
1030364454
-1
Sceneryobjects\Verkehrszeichen_MC\Ampel_Mensch_1.sco
984824518
984824518
-1
Sceneryobjects\X10 Kreuzungen\Ampel_Kfz300.sco
1223918310
1223918310
-1
